<?xml version="1.0" encoding="UTF-8"?>
<!-- Generated by org.testng.reporters.JUnitXMLReporter -->
<testsuite hostname="NOVI0121.local" ignored="0" name="Command line test" tests="9" failures="0" timestamp="03 Sep 2018 17:10:32 GMT" time="56.917" errors="0">
  <testcase name="startPage" time="6.332" classname="tests.PilivoTest"/>
  <testcase name="clickOnCreateAppMenu" time="10.709" classname="tests.PilivoTest"/>
  <testcase name="clickOnGetStarted" time="0.092" classname="tests.PilivoTest"/>
  <testcase name="createNewPage" time="0.383" classname="tests.PilivoTest"/>
  <testcase name="clickOnMessaging" time="1.804" classname="tests.PilivoTest"/>
  <testcase name="checkTabCreated" time="0.02" classname="tests.PilivoTest"/>
  <testcase name="dragSMS" time="5.361" classname="tests.PilivoTest"/>
  <testcase name="dragMail" time="8.614" classname="tests.PilivoTest"/>
  <testcase name="clickBasic" time="23.128" classname="tests.PilivoTest"/>
</testsuite> <!-- Command line test -->
