<?xml version="1.0" encoding="UTF-8"?>
<testng-results skipped="0" failed="0" ignored="0" total="1" passed="1">
  <reporter-output>
  </reporter-output>
  <suite name="Flipkart Search" duration-ms="14637" started-at="2019-11-24T23:43:03 IST" finished-at="2019-11-24T23:43:17 IST">
    <groups>
    </groups>
    <test name="Test_Chrome" duration-ms="14637" started-at="2019-11-24T23:43:03 IST" finished-at="2019-11-24T23:43:17 IST">
      <class name="tests.OrderTest">
        <test-method status="PASS" signature="beforeSuite()[pri:0, instance:tests.OrderTest@1794d431]" name="beforeSuite" is-config="true" duration-ms="9" started-at="2019-11-24T23:43:03 IST" finished-at="2019-11-24T23:43:03 IST">
          <reporter-output>
          </reporter-output>
        </test-method> <!-- beforeSuite -->
        <test-method status="PASS" signature="beforeTest(org.testng.xml.XmlTest, java.lang.String)[pri:0, instance:tests.OrderTest@1794d431]" name="beforeTest" is-config="true" duration-ms="1830" started-at="2019-11-24T23:43:03 IST" finished-at="2019-11-24T23:43:04 IST">
          <params>
            <param index="0">
              <value>
                <![CDATA[org.testng.xml.XmlTest@16176b61]]>
              </value>
            </param>
            <param index="1">
              <value>
                <![CDATA[chrome]]>
              </value>
            </param>
          </params>
          <reporter-output>
          </reporter-output>
        </test-method> <!-- beforeTest -->
        <test-method status="PASS" signature="beforeClass()[pri:0, instance:tests.OrderTest@1794d431]" name="beforeClass" is-config="true" duration-ms="0" started-at="2019-11-24T23:43:04 IST" finished-at="2019-11-24T23:43:04 IST">
          <reporter-output>
          </reporter-output>
        </test-method> <!-- beforeClass -->
        <test-method status="PASS" signature="beforeMethod()[pri:0, instance:tests.OrderTest@1794d431]" name="beforeMethod" is-config="true" duration-ms="0" started-at="2019-11-24T23:43:04 IST" finished-at="2019-11-24T23:43:04 IST">
          <reporter-output>
          </reporter-output>
        </test-method> <!-- beforeMethod -->
        <test-method status="PASS" signature="flipkartOrder(java.lang.String, int)[pri:1, instance:tests.OrderTest@1794d431]" name="flipkartOrder" duration-ms="12678" started-at="2019-11-24T23:43:04 IST" description="Automation1" data-provider="mobileName" finished-at="2019-11-24T23:43:17 IST">
          <params>
            <param index="0">
              <value>
                <![CDATA[Redmi 8A]]>
              </value>
            </param>
            <param index="1">
              <value>
                <![CDATA[2]]>
              </value>
            </param>
          </params>
          <reporter-output>
          </reporter-output>
        </test-method> <!-- flipkartOrder -->
        <test-method status="PASS" signature="afterMethod()[pri:0, instance:tests.OrderTest@1794d431]" name="afterMethod" is-config="true" duration-ms="0" started-at="2019-11-24T23:43:17 IST" finished-at="2019-11-24T23:43:17 IST">
          <reporter-output>
          </reporter-output>
        </test-method> <!-- afterMethod -->
        <test-method status="PASS" signature="afterClass()[pri:0, instance:tests.OrderTest@1794d431]" name="afterClass" is-config="true" duration-ms="0" started-at="2019-11-24T23:43:17 IST" finished-at="2019-11-24T23:43:17 IST">
          <reporter-output>
          </reporter-output>
        </test-method> <!-- afterClass -->
        <test-method status="PASS" signature="afterTest()[pri:0, instance:tests.OrderTest@1794d431]" name="afterTest" is-config="true" duration-ms="108" started-at="2019-11-24T23:43:17 IST" finished-at="2019-11-24T23:43:17 IST">
          <reporter-output>
          </reporter-output>
        </test-method> <!-- afterTest -->
        <test-method status="PASS" signature="afterSuite()[pri:0, instance:tests.OrderTest@1794d431]" name="afterSuite" is-config="true" duration-ms="1" started-at="2019-11-24T23:43:17 IST" finished-at="2019-11-24T23:43:17 IST">
          <reporter-output>
          </reporter-output>
        </test-method> <!-- afterSuite -->
      </class> <!-- tests.OrderTest -->
    </test> <!-- Test_Chrome -->
  </suite> <!-- Flipkart Search -->
</testng-results>
